<?xml version="1.0" encoding="UTF-8"?>
<testsuite xmlns:xsi="http://www.w3.org/2001/XMLSchema-instance" xsi:noNamespaceSchemaLocation="https://maven.apache.org/surefire/maven-surefire-plugin/xsd/surefire-test-report.xsd" name="com.unlimitedcompanies.coms.domain.unitTests.DomainSecurityUnitTest" time="0" tests="9" errors="0" skipped="0" failures="0">
  <properties>
[...]
</properties>
  <testcase name="datesForUsersFormatingTesting" classname="com.unlimitedcompanies.coms.domain.unitTests.DomainSecurityUnitTest" time="0"/>
  <testcase name="roleEqualsTest" classname="com.unlimitedcompanies.coms.domain.unitTests.DomainSecurityUnitTest" time="0"/>
  <testcase name="equalUserTest" classname="com.unlimitedcompanies.coms.domain.unitTests.DomainSecurityUnitTest" time="0"/>
  <testcase name="phoneEqualTest" classname="com.unlimitedcompanies.coms.domain.unitTests.DomainSecurityUnitTest" time="0"/>
  <testcase name="phoneNotEqualTest" classname="com.unlimitedcompanies.coms.domain.unitTests.DomainSecurityUnitTest" time="0"/>
  <testcase name="phoneWithInvalidNumberTest" classname="com.unlimitedcompanies.coms.domain.unitTests.DomainSecurityUnitTest" time="0"/>
  <testcase name="contactEqualsTest" classname="com.unlimitedcompanies.coms.domain.unitTests.DomainSecurityUnitTest" time="0"/>
  <testcase name="addressEqualsTest" classname="com.unlimitedcompanies.coms.domain.unitTests.DomainSecurityUnitTest" time="0"/>
  <testcase name="contactNotEqualTest" classname="com.unlimitedcompanies.coms.domain.unitTests.DomainSecurityUnitTest" time="0"/>
</testsuite>